[2023-11-16T20:53:50.710+0000] {taskinstance.py:1083} INFO - Dependencies all met for <TaskInstance: two_task_dag.bash_task_1 manual__2023-11-16T20:53:45.876091+00:00 [queued]>
[2023-11-16T20:53:50.715+0000] {taskinstance.py:1083} INFO - Dependencies all met for <TaskInstance: two_task_dag.bash_task_1 manual__2023-11-16T20:53:45.876091+00:00 [queued]>
[2023-11-16T20:53:50.715+0000] {taskinstance.py:1279} INFO - 
--------------------------------------------------------------------------------
[2023-11-16T20:53:50.715+0000] {taskinstance.py:1280} INFO - Starting attempt 1 of 1
[2023-11-16T20:53:50.716+0000] {taskinstance.py:1281} INFO - 
--------------------------------------------------------------------------------
[2023-11-16T20:53:50.752+0000] {taskinstance.py:1300} INFO - Executing <Task(BashOperator): bash_task_1> on 2023-11-16 20:53:45.876091+00:00
[2023-11-16T20:53:50.756+0000] {standard_task_runner.py:55} INFO - Started process 31809 to run task
[2023-11-16T20:53:50.759+0000] {standard_task_runner.py:82} INFO - Running: ['airflow', 'tasks', 'run', 'two_task_dag', 'bash_task_1', 'manual__2023-11-16T20:53:45.876091+00:00', '--job-id', '8', '--raw', '--subdir', 'DAGS_FOLDER/two_task_dag.py', '--cfg-path', '/tmp/tmp1m_y3a2i']
[2023-11-16T20:53:50.760+0000] {standard_task_runner.py:83} INFO - Job 8: Subtask bash_task_1
[2023-11-16T20:53:50.818+0000] {task_command.py:388} INFO - Running <TaskInstance: two_task_dag.bash_task_1 manual__2023-11-16T20:53:45.876091+00:00 [running]> on host codespaces-65b6ca
[2023-11-16T20:53:50.911+0000] {taskinstance.py:1507} INFO - Exporting the following env vars:
AIRFLOW_CTX_DAG_OWNER=Raul
AIRFLOW_CTX_DAG_ID=two_task_dag
AIRFLOW_CTX_TASK_ID=bash_task_1
AIRFLOW_CTX_EXECUTION_DATE=2023-11-16T20:53:45.876091+00:00
AIRFLOW_CTX_TRY_NUMBER=1
AIRFLOW_CTX_DAG_RUN_ID=manual__2023-11-16T20:53:45.876091+00:00
[2023-11-16T20:53:50.912+0000] {subprocess.py:63} INFO - Tmp dir root location: 
 /tmp
[2023-11-16T20:53:50.913+0000] {subprocess.py:75} INFO - Running command: ['/usr/bin/bash', '-c', 'echo "Sleeping...." && sleep 5s && echo "Second Airflow Task!"']
[2023-11-16T20:53:50.924+0000] {subprocess.py:86} INFO - Output:
[2023-11-16T20:53:50.926+0000] {subprocess.py:93} INFO - Sleeping....
[2023-11-16T20:53:55.933+0000] {subprocess.py:93} INFO - Second Airflow Task!
[2023-11-16T20:53:55.935+0000] {subprocess.py:97} INFO - Command exited with return code 0
[2023-11-16T20:53:56.058+0000] {taskinstance.py:1318} INFO - Marking task as SUCCESS. dag_id=two_task_dag, task_id=bash_task_1, execution_date=20231116T205345, start_date=20231116T205350, end_date=20231116T205356
[2023-11-16T20:53:56.115+0000] {local_task_job.py:208} INFO - Task exited with return code 0
[2023-11-16T20:53:56.160+0000] {taskinstance.py:2578} INFO - 0 downstream tasks scheduled from follow-on schedule check
