[2023-11-16T20:54:06.949+0000] {taskinstance.py:1083} INFO - Dependencies all met for <TaskInstance: two_task_dag.bash_task_1 manual__2023-11-16T20:54:01.739752+00:00 [queued]>
[2023-11-16T20:54:06.954+0000] {taskinstance.py:1083} INFO - Dependencies all met for <TaskInstance: two_task_dag.bash_task_1 manual__2023-11-16T20:54:01.739752+00:00 [queued]>
[2023-11-16T20:54:06.955+0000] {taskinstance.py:1279} INFO - 
--------------------------------------------------------------------------------
[2023-11-16T20:54:06.955+0000] {taskinstance.py:1280} INFO - Starting attempt 1 of 1
[2023-11-16T20:54:06.956+0000] {taskinstance.py:1281} INFO - 
--------------------------------------------------------------------------------
[2023-11-16T20:54:06.997+0000] {taskinstance.py:1300} INFO - Executing <Task(BashOperator): bash_task_1> on 2023-11-16 20:54:01.739752+00:00
[2023-11-16T20:54:07.000+0000] {standard_task_runner.py:55} INFO - Started process 31914 to run task
[2023-11-16T20:54:07.006+0000] {standard_task_runner.py:82} INFO - Running: ['airflow', 'tasks', 'run', 'two_task_dag', 'bash_task_1', 'manual__2023-11-16T20:54:01.739752+00:00', '--job-id', '10', '--raw', '--subdir', 'DAGS_FOLDER/two_task_dag.py', '--cfg-path', '/tmp/tmpvkrsthav']
[2023-11-16T20:54:07.008+0000] {standard_task_runner.py:83} INFO - Job 10: Subtask bash_task_1
[2023-11-16T20:54:07.080+0000] {task_command.py:388} INFO - Running <TaskInstance: two_task_dag.bash_task_1 manual__2023-11-16T20:54:01.739752+00:00 [running]> on host codespaces-65b6ca
[2023-11-16T20:54:07.189+0000] {taskinstance.py:1507} INFO - Exporting the following env vars:
AIRFLOW_CTX_DAG_OWNER=Raul
AIRFLOW_CTX_DAG_ID=two_task_dag
AIRFLOW_CTX_TASK_ID=bash_task_1
AIRFLOW_CTX_EXECUTION_DATE=2023-11-16T20:54:01.739752+00:00
AIRFLOW_CTX_TRY_NUMBER=1
AIRFLOW_CTX_DAG_RUN_ID=manual__2023-11-16T20:54:01.739752+00:00
[2023-11-16T20:54:07.190+0000] {subprocess.py:63} INFO - Tmp dir root location: 
 /tmp
[2023-11-16T20:54:07.191+0000] {subprocess.py:75} INFO - Running command: ['/usr/bin/bash', '-c', 'echo "Sleeping...." && sleep 5s && echo "Second Airflow Task!"']
[2023-11-16T20:54:07.198+0000] {subprocess.py:86} INFO - Output:
[2023-11-16T20:54:07.200+0000] {subprocess.py:93} INFO - Sleeping....
[2023-11-16T20:54:12.202+0000] {subprocess.py:93} INFO - Second Airflow Task!
[2023-11-16T20:54:12.202+0000] {subprocess.py:97} INFO - Command exited with return code 0
[2023-11-16T20:54:12.470+0000] {taskinstance.py:1318} INFO - Marking task as SUCCESS. dag_id=two_task_dag, task_id=bash_task_1, execution_date=20231116T205401, start_date=20231116T205406, end_date=20231116T205412
[2023-11-16T20:54:12.549+0000] {local_task_job.py:208} INFO - Task exited with return code 0
[2023-11-16T20:54:12.556+0000] {taskinstance.py:2578} INFO - 0 downstream tasks scheduled from follow-on schedule check
