[2023-11-16T20:29:05.022+0000] {taskinstance.py:1083} INFO - Dependencies all met for <TaskInstance: one_task_dag.one_task manual__2023-11-16T20:29:01.437408+00:00 [queued]>
[2023-11-16T20:29:05.027+0000] {taskinstance.py:1083} INFO - Dependencies all met for <TaskInstance: one_task_dag.one_task manual__2023-11-16T20:29:01.437408+00:00 [queued]>
[2023-11-16T20:29:05.028+0000] {taskinstance.py:1279} INFO - 
--------------------------------------------------------------------------------
[2023-11-16T20:29:05.028+0000] {taskinstance.py:1280} INFO - Starting attempt 1 of 1
[2023-11-16T20:29:05.028+0000] {taskinstance.py:1281} INFO - 
--------------------------------------------------------------------------------
[2023-11-16T20:29:05.061+0000] {taskinstance.py:1300} INFO - Executing <Task(BashOperator): one_task> on 2023-11-16 20:29:01.437408+00:00
[2023-11-16T20:29:05.065+0000] {standard_task_runner.py:55} INFO - Started process 17303 to run task
[2023-11-16T20:29:05.067+0000] {standard_task_runner.py:82} INFO - Running: ['airflow', 'tasks', 'run', 'one_task_dag', 'one_task', 'manual__2023-11-16T20:29:01.437408+00:00', '--job-id', '2', '--raw', '--subdir', 'DAGS_FOLDER/one_task_dag.py', '--cfg-path', '/tmp/tmps47ycahb']
[2023-11-16T20:29:05.068+0000] {standard_task_runner.py:83} INFO - Job 2: Subtask one_task
[2023-11-16T20:29:05.130+0000] {task_command.py:388} INFO - Running <TaskInstance: one_task_dag.one_task manual__2023-11-16T20:29:01.437408+00:00 [running]> on host codespaces-65b6ca
[2023-11-16T20:29:05.211+0000] {taskinstance.py:1507} INFO - Exporting the following env vars:
AIRFLOW_CTX_DAG_OWNER=Raúl
AIRFLOW_CTX_DAG_ID=one_task_dag
AIRFLOW_CTX_TASK_ID=one_task
AIRFLOW_CTX_EXECUTION_DATE=2023-11-16T20:29:01.437408+00:00
AIRFLOW_CTX_TRY_NUMBER=1
AIRFLOW_CTX_DAG_RUN_ID=manual__2023-11-16T20:29:01.437408+00:00
[2023-11-16T20:29:05.212+0000] {subprocess.py:63} INFO - Tmp dir root location: 
 /tmp
[2023-11-16T20:29:05.212+0000] {subprocess.py:75} INFO - Running command: ['/usr/bin/bash', '-c', 'echo "Hello, Linkedin learning" > /workspaces/hands-on-introduction-data-engineering-4395021/lab/temp/create-this-file.txt']
[2023-11-16T20:29:05.219+0000] {subprocess.py:86} INFO - Output:
[2023-11-16T20:29:05.221+0000] {subprocess.py:97} INFO - Command exited with return code 0
[2023-11-16T20:29:05.259+0000] {taskinstance.py:1318} INFO - Marking task as SUCCESS. dag_id=one_task_dag, task_id=one_task, execution_date=20231116T202901, start_date=20231116T202905, end_date=20231116T202905
[2023-11-16T20:29:05.319+0000] {local_task_job.py:208} INFO - Task exited with return code 0
[2023-11-16T20:29:05.328+0000] {taskinstance.py:2578} INFO - 0 downstream tasks scheduled from follow-on schedule check
