[2023-11-16T20:53:48.406+0000] {taskinstance.py:1083} INFO - Dependencies all met for <TaskInstance: two_task_dag.bash_task_0 manual__2023-11-16T20:53:45.876091+00:00 [queued]>
[2023-11-16T20:53:48.413+0000] {taskinstance.py:1083} INFO - Dependencies all met for <TaskInstance: two_task_dag.bash_task_0 manual__2023-11-16T20:53:45.876091+00:00 [queued]>
[2023-11-16T20:53:48.413+0000] {taskinstance.py:1279} INFO - 
--------------------------------------------------------------------------------
[2023-11-16T20:53:48.414+0000] {taskinstance.py:1280} INFO - Starting attempt 1 of 1
[2023-11-16T20:53:48.414+0000] {taskinstance.py:1281} INFO - 
--------------------------------------------------------------------------------
[2023-11-16T20:53:48.466+0000] {taskinstance.py:1300} INFO - Executing <Task(BashOperator): bash_task_0> on 2023-11-16 20:53:45.876091+00:00
[2023-11-16T20:53:48.471+0000] {standard_task_runner.py:55} INFO - Started process 31791 to run task
[2023-11-16T20:53:48.476+0000] {standard_task_runner.py:82} INFO - Running: ['airflow', 'tasks', 'run', 'two_task_dag', 'bash_task_0', 'manual__2023-11-16T20:53:45.876091+00:00', '--job-id', '7', '--raw', '--subdir', 'DAGS_FOLDER/two_task_dag.py', '--cfg-path', '/tmp/tmpe8cd_h3t']
[2023-11-16T20:53:48.478+0000] {standard_task_runner.py:83} INFO - Job 7: Subtask bash_task_0
[2023-11-16T20:53:48.541+0000] {task_command.py:388} INFO - Running <TaskInstance: two_task_dag.bash_task_0 manual__2023-11-16T20:53:45.876091+00:00 [running]> on host codespaces-65b6ca
[2023-11-16T20:53:48.625+0000] {taskinstance.py:1507} INFO - Exporting the following env vars:
AIRFLOW_CTX_DAG_OWNER=Raul
AIRFLOW_CTX_DAG_ID=two_task_dag
AIRFLOW_CTX_TASK_ID=bash_task_0
AIRFLOW_CTX_EXECUTION_DATE=2023-11-16T20:53:45.876091+00:00
AIRFLOW_CTX_TRY_NUMBER=1
AIRFLOW_CTX_DAG_RUN_ID=manual__2023-11-16T20:53:45.876091+00:00
[2023-11-16T20:53:48.626+0000] {subprocess.py:63} INFO - Tmp dir root location: 
 /tmp
[2023-11-16T20:53:48.627+0000] {subprocess.py:75} INFO - Running command: ['/usr/bin/bash', '-c', 'echo "First Airflow Task!"']
[2023-11-16T20:53:48.633+0000] {subprocess.py:86} INFO - Output:
[2023-11-16T20:53:48.635+0000] {subprocess.py:93} INFO - First Airflow Task!
[2023-11-16T20:53:48.635+0000] {subprocess.py:97} INFO - Command exited with return code 0
[2023-11-16T20:53:48.686+0000] {taskinstance.py:1318} INFO - Marking task as SUCCESS. dag_id=two_task_dag, task_id=bash_task_0, execution_date=20231116T205345, start_date=20231116T205348, end_date=20231116T205348
[2023-11-16T20:53:48.766+0000] {local_task_job.py:208} INFO - Task exited with return code 0
[2023-11-16T20:53:48.780+0000] {taskinstance.py:2578} INFO - 1 downstream tasks scheduled from follow-on schedule check
