[2023-11-16T20:54:04.657+0000] {taskinstance.py:1083} INFO - Dependencies all met for <TaskInstance: two_task_dag.bash_task_0 manual__2023-11-16T20:54:01.739752+00:00 [queued]>
[2023-11-16T20:54:04.663+0000] {taskinstance.py:1083} INFO - Dependencies all met for <TaskInstance: two_task_dag.bash_task_0 manual__2023-11-16T20:54:01.739752+00:00 [queued]>
[2023-11-16T20:54:04.663+0000] {taskinstance.py:1279} INFO - 
--------------------------------------------------------------------------------
[2023-11-16T20:54:04.664+0000] {taskinstance.py:1280} INFO - Starting attempt 1 of 1
[2023-11-16T20:54:04.664+0000] {taskinstance.py:1281} INFO - 
--------------------------------------------------------------------------------
[2023-11-16T20:54:04.708+0000] {taskinstance.py:1300} INFO - Executing <Task(BashOperator): bash_task_0> on 2023-11-16 20:54:01.739752+00:00
[2023-11-16T20:54:04.711+0000] {standard_task_runner.py:55} INFO - Started process 31898 to run task
[2023-11-16T20:54:04.714+0000] {standard_task_runner.py:82} INFO - Running: ['airflow', 'tasks', 'run', 'two_task_dag', 'bash_task_0', 'manual__2023-11-16T20:54:01.739752+00:00', '--job-id', '9', '--raw', '--subdir', 'DAGS_FOLDER/two_task_dag.py', '--cfg-path', '/tmp/tmpdrtsat30']
[2023-11-16T20:54:04.715+0000] {standard_task_runner.py:83} INFO - Job 9: Subtask bash_task_0
[2023-11-16T20:54:04.773+0000] {task_command.py:388} INFO - Running <TaskInstance: two_task_dag.bash_task_0 manual__2023-11-16T20:54:01.739752+00:00 [running]> on host codespaces-65b6ca
[2023-11-16T20:54:04.860+0000] {taskinstance.py:1507} INFO - Exporting the following env vars:
AIRFLOW_CTX_DAG_OWNER=Raul
AIRFLOW_CTX_DAG_ID=two_task_dag
AIRFLOW_CTX_TASK_ID=bash_task_0
AIRFLOW_CTX_EXECUTION_DATE=2023-11-16T20:54:01.739752+00:00
AIRFLOW_CTX_TRY_NUMBER=1
AIRFLOW_CTX_DAG_RUN_ID=manual__2023-11-16T20:54:01.739752+00:00
[2023-11-16T20:54:04.861+0000] {subprocess.py:63} INFO - Tmp dir root location: 
 /tmp
[2023-11-16T20:54:04.862+0000] {subprocess.py:75} INFO - Running command: ['/usr/bin/bash', '-c', 'echo "First Airflow Task!"']
[2023-11-16T20:54:04.869+0000] {subprocess.py:86} INFO - Output:
[2023-11-16T20:54:04.870+0000] {subprocess.py:93} INFO - First Airflow Task!
[2023-11-16T20:54:04.870+0000] {subprocess.py:97} INFO - Command exited with return code 0
[2023-11-16T20:54:04.909+0000] {taskinstance.py:1318} INFO - Marking task as SUCCESS. dag_id=two_task_dag, task_id=bash_task_0, execution_date=20231116T205401, start_date=20231116T205404, end_date=20231116T205404
[2023-11-16T20:54:04.965+0000] {local_task_job.py:208} INFO - Task exited with return code 0
[2023-11-16T20:54:04.980+0000] {taskinstance.py:2578} INFO - 1 downstream tasks scheduled from follow-on schedule check
